     1                                  bits 32 ; assembling for the 32 bits architecture
     2                                  
     3                                  ; declare the EntryPoint (a label defining the very first instruction of the program)
     4                                  global start        
     5                                  
     6                                  ; declare external functions needed by our program
     7                                  extern exit               
     8                                  import exit msvcrt.dll    
     9                                  
    10                                  ; Declare the input and output streams
    11                                  extern printf, cin
    12                                  import printf msvcrt.dll
    13                                  import cin msvcrt.dll
    14                                  
    15                                  ; Declare the getline function
    16                                  extern getline
    17                                  import getline msvcrt.dll
    18                                  
    19                                  ; Declare the string class
    20                                  extern string
    21                                  import string msvcrt.dll
    22                                                           
    23                                  ; our data is declared here (the variables needed by our program)
    24                                  section data use32 class=data
    25 00000000 00<rept>                    line times 100 db 0
    26 00000064 257300                      format db "%s", 0
    27                                  
    28                                  ; our code starts here
    29                                  section code use32 class=code
    30                                      start:
    31                                          ; Read a line of text into the string object
    32 00000000 68[00000000]                    push dword line
    33 00000005 68[00000000]                    push dword cin
    34 0000000A FF15[00000000]                  call [getline]
    35 00000010 83C408                          add esp, 4*2
    36                                          
    37                                          ; Print the line of text to the screen
    38 00000013 68[00000000]                    push dword line
    39 00000018 68[64000000]                    push dword format
    40 0000001D FF15[00000000]                  call [printf]
    41 00000023 83C408                          add esp, 4*2
    42                                      
    43 00000026 6A00                            push    dword 0      ; push the parameter for exit onto the stack
    44 00000028 FF15[00000000]                  call    [exit]       ; call exit to terminate the program
