     1                                  bits 32 ; assembling for the 32 bits architecture
     2                                  
     3                                  ; declare the EntryPoint (a label defining the very first instruction of the program)
     4                                  global start        
     5                                  
     6                                  ; declare external functions needed by our program
     7                                  extern exit, gets, printf           
     8                                  import exit msvcrt.dll    
     9                                  import gets msvcrt.dll    
    10                                  import printf msvcrt.dll    
    11                                  
    12                                  ; our data is declared here (the variables needed by our program)
    13                                  segment data use32 class=data
    14 00000000 00<rept>                    buffer times 100 db 0
    15 00000064 25730A00                    format db "%s", 0Ah, 0
    16                                  
    17                                  ; our code starts here
    18                                  segment code use32 class=code
    19                                      start:
    20 00000000 68[00000000]                    push dword buffer
    21 00000005 FF15[00000000]                  call [gets]
    22 0000000B 83C404                          add esp, 4*1
    23                                          
    24 0000000E 68[00000000]                    push dword buffer
    25 00000013 68[64000000]                    push dword format
    26 00000018 FF15[00000000]                  call [printf]     
    27 0000001E 83C408                          add esp, 4*2       
    28                                          
    29 00000021 6A00                            push    dword 0      ; push the parameter for exit onto the stack
    30 00000023 FF15[00000000]                  call    [exit]       ; call exit to terminate the program
